<?xml version="1.0" encoding="UTF-8"?>
<testng-results total="1" passed="1" failed="0" skipped="0">
  <reporter-output>
  </reporter-output>
  <suite started-at="2022-12-28T14:38:26Z" name="Suite" finished-at="2022-12-28T14:38:36Z" duration-ms="10324">
    <groups>
    </groups>
    <test started-at="2022-12-28T14:38:26Z" name="Test" finished-at="2022-12-28T14:38:36Z" duration-ms="10324">
      <class name="com.practice.test.practice">
        <test-method signature="login()[pri:0, instance:com.practice.test.practice@1f1c7bf6]" started-at="2022-12-28T20:08:26Z" name="login" finished-at="2022-12-28T20:08:36Z" duration-ms="10297" status="PASS">
          <reporter-output>
          </reporter-output>
        </test-method> <!-- login -->
      </class> <!-- com.practice.test.practice -->
    </test> <!-- Test -->
  </suite> <!-- Suite -->
</testng-results>
